Current output file generated by InductEx v7.0.10
  0  0   0.000000000E+00   1.082077847E+01j
  0  1   0.000000000E+00   -8.676760569E-01j
  0  2   0.000000000E+00   -6.782738533E+00j
  0  3   0.000000000E+00   -1.195179345E-01j
  0  4   0.000000000E+00   -2.803184613E+00j
  0  5   0.000000000E+00   -2.476613316E-01j
  1  0   0.000000000E+00   -8.677892886E-01j
  1  1   0.000000000E+00   1.255957489E+01j
  1  2   0.000000000E+00   -1.305896183E-01j
  1  3   0.000000000E+00   -5.543759726E+00j
  1  4   0.000000000E+00   -8.793573469E-02j
  1  5   0.000000000E+00   -5.929500520E+00j
  2  0   0.000000000E+00   -6.781719174E+00j
  2  1   0.000000000E+00   -1.303357424E-01j
  2  2   0.000000000E+00   8.174534268E+00j
  2  3   0.000000000E+00   -2.167696068E-02j
  2  4   0.000000000E+00   -1.194544116E+00j
  2  5   0.000000000E+00   -4.625827529E-02j
  3  0   0.000000000E+00   -1.194722078E-01j
  3  1   0.000000000E+00   -5.544397689E+00j
  3  2   0.000000000E+00   -2.170981534E-02j
  3  3   0.000000000E+00   7.500033723E+00j
  3  4   0.000000000E+00   -1.474971830E-02j
  3  5   0.000000000E+00   -1.799704292E+00j
  4  0   0.000000000E+00   -2.804632577E+00j
  4  1   0.000000000E+00   -8.825638812E-02j
  4  2   0.000000000E+00   -1.193187862E+00j
  4  3   0.000000000E+00   -1.456744643E-02j
  4  4   0.000000000E+00   4.134605649E+00j
  4  5   0.000000000E+00   -3.396137508E-02j
  5  0   0.000000000E+00   -2.471652815E-01j
  5  1   0.000000000E+00   -5.928909097E+00j
  5  2   0.000000000E+00   -4.630839188E-02j
  5  3   0.000000000E+00   -1.800511525E+00j
  5  4   0.000000000E+00   -3.419145690E-02j
  5  5   0.000000000E+00   8.057085752E+00j
END
